[2022-02-12T00:54:15.650] [ERROR] default - ERROR: No se pudo conectar a la base de datos
[2022-02-12T00:55:42.914] [ERROR] default - ERROR: No se pudo conectar a la base de datos
[2022-02-12T00:57:14.373] [ERROR] default - ERROR: No se pudo conectar a la base de datos
[2022-02-12T00:59:13.959] [ERROR] default - ERROR: No se pudo conectar a la base de datos
[2022-02-12T17:24:13.829] [ERROR] default - ERROR: No se pudo obtener el objeto MongooseServerSelectionError: connection <monitor> to 34.200.89.188:27017 closed
[2022-02-12T18:10:50.798] [ERROR] default - ERROR: No se pudo guardar el objeto: ValidationError: precio: Cast to Number failed for value "30,5" (type string) at path "precio"
[2022-02-13T14:37:21.151] [ERROR] default - ERROR: No se pudo enviar el email
[2022-02-13T14:42:01.876] [ERROR] default - ERROR: No se pudo enviar el whatsapp
[2022-02-13T14:42:01.893] [ERROR] default - ERROR: No se pudo enviar el SMS
[2022-02-13T15:01:47.286] [ERROR] default - ERROR: No se pudo conectar a la base de datos
[2022-02-13T15:03:11.406] [ERROR] default - ERROR: No se pudo enviar el whatsapp
[2022-02-13T15:04:34.893] [ERROR] default - ERROR: No se pudo enviar el whatsapp
[2022-02-13T15:06:37.985] [ERROR] default - ERROR: No se pudo enviar el whatsapp
[2022-02-13T15:10:42.151] [ERROR] default - ERROR: No se pudo enviar el whatsapp
[2022-02-13T15:12:04.286] [ERROR] default - ERROR: No se pudo enviar el whatsapp
[2022-02-13T15:18:28.505] [ERROR] default - ERROR: No se pudo enviar el whatsapp
[2022-02-13T15:40:32.018] [ERROR] default - ERROR: No se pudo enviar el whatsapp
[2022-02-13T15:44:52.182] [ERROR] default - ERROR: No se pudo guardar el objeto: ValidationError: token: Path `token` is required., cuenta: Path `cuenta` is required.
[2022-02-13T15:45:59.330] [ERROR] default - ERROR: No se pudo guardar el objeto: ValidationError: token: Path `token` is required., cuenta: Path `cuenta` is required.
[2022-02-13T15:48:03.633] [ERROR] default - ERROR: No se pudo enviar el whatsapp
