[2022-01-29T14:04:42.564] [WARN] default - Ruta GET /dsfdsf no implementada
[2022-01-29T14:06:20.905] [WARN] default - Ruta GET /dsfdsf no implementada
[2022-01-29T14:07:58.226] [WARN] default - Ruta GET /dsfdsf no implementada
[2022-01-29T14:09:58.229] [WARN] default - Ruta GET /dsfdsf no implementada
[2022-01-29T14:18:00.335] [WARN] default - Ruta GET /public/css/styles.css no implementada
[2022-01-29T14:18:45.180] [WARN] default - Ruta GET /public/css/styles.css no implementada
[2022-01-29T14:19:00.150] [WARN] default - Ruta GET /public/css/styles.css no implementada
[2022-01-29T14:19:40.692] [WARN] default - Ruta GET /public/css/styles.css no implementada
[2022-01-29T14:20:06.292] [WARN] default - Ruta GET /public/css/styles.css no implementada
[2022-01-29T14:21:33.642] [WARN] default - Ruta GET /public/css/styles.css no implementada
[2022-01-29T14:48:20.490] [WARN] default - Ruta GET /dsfdsf no implementada
[2022-01-29T14:48:20.493] [WARN] default - Ruta GET /jkhdkjfhdksjhf no implementada
[2022-01-29T14:48:20.496] [WARN] default - Ruta GET /ddfdsdfsdf no implementada
[2022-01-29T14:48:25.742] [WARN] default - Ruta GET /sad no implementada
[2022-01-29T14:48:25.749] [WARN] default - Ruta GET /dgdfgd no implementada
[2022-01-29T14:48:25.753] [WARN] default - Ruta GET /ddsfdsf no implementada
[2022-01-29T14:50:35.167] [WARN] default - Ruta GET /dfgd no implementada
[2022-01-29T14:50:40.867] [WARN] default - Ruta GET /public/css/styles.css no implementada
[2022-01-29T14:52:31.845] [WARN] default - Ruta GET /sad no implementada
[2022-01-29T14:52:54.492] [WARN] default - Ruta GET /dsfdsf no implementada
[2022-01-29T14:52:54.499] [WARN] default - Ruta GET /jkhdkjfhdksjhf no implementada
[2022-01-29T14:52:54.507] [WARN] default - Ruta GET /sad no implementada
[2022-01-29T14:52:55.406] [WARN] default - Ruta GET /ddfdsdfsdf no implementada
[2022-01-29T14:52:55.413] [WARN] default - Ruta GET /ddsfdsf no implementada
[2022-01-29T14:52:55.420] [WARN] default - Ruta GET /dgdfgd no implementada
[2022-01-29T14:59:48.620] [WARN] default - Ruta GET /faillogin OK
[2022-01-29T17:49:42.011] [WARN] default - Ruta GET /public/css/styles.css no implementada
